<?xml version="1.0" encoding="UTF-8"?>
<!-- Generated by org.testng.reporters.JUnitXMLReporter -->
<testsuite ignored="2" hostname="Sharma_Amit" failures="0" tests="1" name="Default test" time="12.966" errors="0" timestamp="2024-10-16T05:49:16 IST">
  <testcase classname="com.qa.api.tests.CreateUserTest" name="createUserWithBuilderTest" time="12.408"/>
  <testcase classname="com.qa.api.tests.CreateUserTest" name="createUserWithJsonFileTest" time="0.0">
    <ignored/>
  </testcase> <!-- createUserWithJsonFileTest -->
  <testcase classname="com.qa.api.tests.CreateUserTest" name="createUserTest" time="0.0">
    <ignored/>
  </testcase> <!-- createUserTest -->
</testsuite> <!-- Default test -->
